<?xml version="1.0" encoding="UTF-8"?>
<!-- Generated by org.testng.reporters.JUnitReportReporter -->
<testsuite skipped="0" hostname="puneet-Lenovo-E40-80" name="DriverTesting.DriverTesting.HomePageLoginTest" tests="1" failures="0" timestamp="15 Jun 2018 05:03:26 GMT" time="13.767" errors="0">
  <testcase name="homePageLogin" time="13.767" classname="DriverTesting.DriverTesting.HomePageLoginTest"/>
</testsuite> <!-- DriverTesting.DriverTesting.HomePageLoginTest -->
