<?xml version="1.0" encoding="UTF-8"?>
<!-- Generated by org.testng.reporters.JUnitReportReporter -->
<testsuite skipped="0" hostname="puneet-Lenovo-E40-80" name="DriverTesting.DriverTesting.HomePageLoginTest" tests="1" failures="0" timestamp="19 Jun 2018 02:18:33 GMT" time="8.297" errors="0">
  <testcase name="homePageLogin" time="8.297" classname="DriverTesting.DriverTesting.HomePageLoginTest"/>
</testsuite> <!-- DriverTesting.DriverTesting.HomePageLoginTest -->
